<?xml version="1.0" encoding="UTF-8"?>
<!-- Generated by org.testng.reporters.JUnitXMLReporter -->
<testsuite ignored="0" hostname="DESKTOP-UE88MHH" failures="0" tests="5" name="Default test" time="13.164" errors="0" timestamp="2024-09-24T02:09:46 IST">
  <testcase classname="com.saucelab.tests.LoginpageTest" name="loginLogoutTest" time="3.952"/>
  <testcase classname="com.saucelab.tests.LoginpageTest" name="loginLogoutTest" time="4.017"/>
  <testcase classname="com.saucelab.tests.LoginpageTest" name="loginLogoutTest" time="2.187"/>
  <testcase classname="com.saucelab.tests.LoginpageTest" name="loginLogoutTest" time="2.186"/>
  <testcase classname="com.saucelab.tests.LoginpageTest" name="loginLogoutTest" time="7.402"/>
</testsuite> <!-- Default test -->
